Arguments: 
  C:\Program Files\nodejs\node.exe C:\Users\chuib\AppData\Roaming\npm\node_modules\yarn\bin\yarn.js

PATH: 
  C:\Python27\;C:\Python27\Scripts;C:\ProgramData\Oracle\Java\javapath;C:\Program Files\Broadcom\Broadcom 802.11 Network Adapter;C:\Program Files (x86)\Intel\iCLS Client\;C:\Program Files\Intel\iCLS Client\;C:\windows\system32;C:\windows;C:\windows\System32\Wbem;C:\windows\System32\WindowsPowerShell\v1.0\;C:\Program Files (x86)\Intel\Intel(R) Management Engine Components\DAL;C:\Program Files\Intel\Intel(R) Management Engine Components\DAL;C:\Program Files (x86)\Intel\Intel(R) Management Engine Components\IPT;C:\Program Files\Intel\Intel(R) Management Engine Components\IPT;C:\Program Files (x86)\NVIDIA Corporation\PhysX\Common;C:\wamp\bin\php\php5.6.25;C:\ProgramData\ComposerSetup\bin;C:\WINDOWS\system32;C:\WINDOWS;C:\WINDOWS\System32\Wbem;C:\WINDOWS\System32\WindowsPowerShell\v1.0\;C:\Program Files (x86)\Actiona;C:\Program Files\Intel\IntelSGXPSW\bin\x64\Release\;C:\Program Files\Intel\IntelSGXPSW\bin\win32\Release\;C:\Program Files (x86)\Skype\Phone\;C:\Program Files (x86)\Calibre2\;C:\Program Files\Git\cmd;C:\Program Files\nodejs\;C:\Users\chuib\.dnx\bin;C:\Program Files\Microsoft DNX\Dnvm\;C:\Program Files\Microsoft SQL Server\130\Tools\Binn\;C:\Users\chuib\AppData\Roaming\Composer\vendor\bin;C:\Users\chuib\AppData\Local\Microsoft\WindowsApps;C:\Program Files\Docker Toolbox;C:\Users\chuib\AppData\Roaming\npm

Yarn version: 
  1.1.0

Node version: 
  8.6.0

Platform: 
  win32 x64

npm manifest: 
  {
    "name": "ng2angle",
    "version": "0.0.0",
    "license": "MIT",
    "angular-cli": {},
    "scripts": {
      "ng": "ng",
      "start": "ng serve --port 4242",
      "test": "ng test",
      "lint": "ng lint",
      "modernizr": "modernizr -c modernizr-config.json -d src/modernizr.js",
      "postinstall": "node ./node_modules/protractor/bin/webdriver-manager update",
      "e2e": "ng e2e"
    },
    "private": true,
    "dependencies": {
      "@angular/common": "4.4.4",
      "@angular/compiler": "4.4.4",
      "@angular/core": "4.4.4",
      "@angular/forms": "4.4.4",
      "@angular/http": "4.4.4",
      "@angular/platform-browser": "4.4.4",
      "@angular/platform-browser-dynamic": "4.4.4",
      "@angular/router": "4.5.3",
      "bootstrap": "3.3.7",
      "node-sass": "*",
      "rxjs": "*",
      "screenfull": "3.0.2"
    },
    "devDependencies": {
      "@angular/cli": "*",
      "@angular/compiler-cli": "*",
      "codelyzer": "*",
      "jasmine-core": "2.5.2",
      "jasmine-spec-reporter": "3.2.0",
      "karma": "1.4.1",
      "karma-chrome-launcher": "2.0.0",
      "karma-cli": "1.0.1",
      "karma-jasmine": "1.1.0",
      "karma-jasmine-html-reporter": "0.2.2",
      "karma-read-json": "1.1.0",
      "karma-coverage-istanbul-reporter": "0.2.0",
      "protractor": "5.1.0",
      "ts-node": "2.0.0",
      "tslint": "4.4.2",
      "typescript": "2.0.0",
      "webdriver-manager": "10.2.5"
    }
  }

yarn manifest: 
  No manifest

Lockfile: 
  No lockfile

Trace: 
  Error: getaddrinfo ENOENT registry.yarnpkg.com:443
      at Object._errnoException (util.js:1019:11)
      at errnoException (dns.js:58:15)
      at GetAddrInfoReqWrap.onlookup [as oncomplete] (dns.js:95:26)
